<?xml version="1.0" encoding="UTF-8"?>
<testsuite xmlns:xsi="http://www.w3.org/2001/XMLSchema-instance" xsi:noNamespaceSchemaLocation="https://maven.apache.org/surefire/maven-surefire-plugin/xsd/surefire-test-report-3.0.xsd" version="3.0" name="com.navneet.drools.DroolsApplicationTests" time="3.96" tests="1" errors="0" skipped="0" failures="0">
  <properties>
[...]
</properties>
  <testcase name="contextLoads" classname="com.navneet.drools.DroolsApplicationTests" time="1.036">
    <system-out><![CDATA[09:49:31.025 [main] INFO org.springframework.test.context.support.AnnotationConfigContextLoaderUtils -- Could not detect default configuration classes for test class [com.navneet.drools.DroolsApplicationTests]: DroolsApplicationTests does not declare any static, non-private, non-final, nested classes annotated with @Configuration.
09:49:31.149 [main] INFO org.springframework.boot.test.context.SpringBootTestContextBootstrapper -- Found @SpringBootConfiguration com.navneet.drools.DroolsApplication for test class com.navneet.drools.DroolsApplicationTests

  .   ____          _            __ _ _
 /\\ / ___'_ __ _ _(_)_ __  __ _ \ \ \ \
( ( )\___ | '_ | '_| | '_ \/ _` | \ \ \ \
 \\/  ___)| |_)| | | | | || (_| |  ) ) ) )
  '  |____| .__|_| |_|_| |_\__, | / / / /
 =========|_|==============|___/=/_/_/_/
 :: Spring Boot ::                (v3.2.1)

2024-02-11T09:49:31.643-05:00  INFO 96996 --- [           main] c.navneet.drools.DroolsApplicationTests  : Starting DroolsApplicationTests using Java 17.0.8 with PID 96996 (started by wensheng.peng in C:\Work\ang5\drools)
2024-02-11T09:49:31.643-05:00  INFO 96996 --- [           main] c.navneet.drools.DroolsApplicationTests  : No active profile set, falling back to 1 default profile: "default"
2024-02-11T09:49:32.767-05:00  INFO 96996 --- [           main] o.d.c.k.b.impl.ClasspathKieProject       : Found kmodule: file:/C:/Work/ang5/drools/target/classes/META-INF/kmodule.xml
2024-02-11T09:49:33.069-05:00  WARN 96996 --- [           main] o.d.c.k.b.impl.ClasspathKieProject       : Unable to find pom.properties in /C:/Work/ang5/drools/target/classes
2024-02-11T09:49:33.078-05:00  INFO 96996 --- [           main] o.d.c.k.b.impl.ClasspathKieProject       : Recursed up folders, found and used pom.xml C:\Work\ang5\drools\pom.xml
2024-02-11T09:49:33.721-05:00  INFO 96996 --- [           main] c.navneet.drools.DroolsApplicationTests  : Started DroolsApplicationTests in 2.339 seconds (process running for 3.594)
]]></system-out>
  </testcase>
</testsuite>